2024-05-23 07:11:49,835 - Acc - INFO - [ARG] arg.data_path: /data1/dataset/cifar10/
2024-05-23 07:11:49,835 - Acc - INFO - [ARG] arg.dataset: cifar10
2024-05-23 07:11:49,835 - Acc - INFO - [ARG] arg.class_num: 10
2024-05-23 07:11:49,835 - Acc - INFO - [ARG] arg.initial: 1000
2024-05-23 07:11:49,835 - Acc - INFO - [ARG] arg.selected: 1000
2024-05-23 07:11:49,835 - Acc - INFO - [ARG] arg.sampling_num: 10000
2024-05-23 07:11:49,836 - Acc - INFO - [ARG] arg.cycle_num: 10
2024-05-23 07:11:49,836 - Acc - INFO - [ARG] arg.approach: TA-VAAL
2024-05-23 07:11:49,836 - Acc - INFO - [ARG] arg.seed: 0
2024-05-23 07:11:49,836 - Acc - INFO - [ARG] arg.save_name: jobs/cifar10__approach-TA-VAAL/Init1000_S10000_B1000//Seed-0
2024-05-23 07:11:49,836 - Acc - INFO - [ARG] arg.milestones: [160]
2024-05-23 07:11:49,836 - Acc - INFO - [ARG] arg.epoch_num: 200
2024-05-23 07:11:49,836 - Acc - INFO - [ARG] arg.momentum: 0.9
2024-05-23 07:11:49,836 - Acc - INFO - [ARG] arg.wdecay: 0.0005
2024-05-23 07:11:49,836 - Acc - INFO - [ARG] arg.batch_size: 128
2024-05-23 07:11:49,836 - Acc - INFO - [ARG] arg.workers: 0
2024-05-23 07:11:49,836 - Acc - INFO - [ARG] arg.lr: 0.1
2024-05-23 07:11:49,836 - Acc - INFO - [ARG] arg.arch: resnet18
2024-05-23 07:11:49,836 - Acc - INFO - [ARG] arg.layer: 1
2024-05-23 07:11:49,836 - Acc - INFO - [ARG] arg.alpha: 0.4
2024-05-23 07:11:49,836 - Acc - INFO - [ARG] arg.hidden_units: 128
2024-05-23 07:11:49,836 - Acc - INFO - [ARG] arg.dropout_rate: 0.3
2024-05-23 07:11:49,836 - Acc - INFO - [ARG] arg.lambda_loss: 1.2
2024-05-23 07:11:49,836 - Acc - INFO - [ARG] arg.s_margin: 0.1
2024-05-23 07:11:49,836 - Acc - INFO - [ARG] arg.epochl: 120
2024-05-23 07:11:49,836 - Acc - INFO - [ARG] arg.lossnet_feature: [32, 16, 8, 4]
2024-05-23 07:11:49,836 - Acc - INFO - [ARG] arg.latent_dim: 32
2024-05-23 07:11:49,836 - Acc - INFO - [ARG] arg.num_adv_steps: 1
2024-05-23 07:11:49,836 - Acc - INFO - [ARG] arg.num_vae_steps: 2
2024-05-23 07:11:49,836 - Acc - INFO - [ARG] arg.pretrained_weight: None
2024-05-23 07:13:48,336 - Acc - INFO - Cycle 1/10 || Label set size 1000: Test acc 45.1
2024-05-23 07:40:21,799 - Acc - INFO - Cycle 2/10 || Label set size 2000: Test acc 58.67
2024-05-23 08:10:33,026 - Acc - INFO - Cycle 3/10 || Label set size 3000: Test acc 69.76
2024-05-23 08:44:22,047 - Acc - INFO - Cycle 4/10 || Label set size 4000: Test acc 79.95
2024-05-23 09:13:44,562 - Acc - INFO - Cycle 5/10 || Label set size 5000: Test acc 82.77
2024-05-23 09:45:52,224 - Acc - INFO - Cycle 6/10 || Label set size 6000: Test acc 85.38
2024-05-23 10:20:59,770 - Acc - INFO - Cycle 7/10 || Label set size 7000: Test acc 87.11
2024-05-23 10:58:32,645 - Acc - INFO - Cycle 8/10 || Label set size 8000: Test acc 88.17
2024-05-23 11:38:39,809 - Acc - INFO - Cycle 9/10 || Label set size 9000: Test acc 89.13
2024-05-23 12:22:18,049 - Acc - INFO - Cycle 10/10 || Label set size 10000: Test acc 89.14
