2024-05-23 07:20:01,824 - Acc - INFO - [ARG] arg.data_path: /data1/dataset/cifar10/
2024-05-23 07:20:01,824 - Acc - INFO - [ARG] arg.dataset: cifar10
2024-05-23 07:20:01,824 - Acc - INFO - [ARG] arg.class_num: 10
2024-05-23 07:20:01,824 - Acc - INFO - [ARG] arg.initial: 1000
2024-05-23 07:20:01,824 - Acc - INFO - [ARG] arg.selected: 1000
2024-05-23 07:20:01,824 - Acc - INFO - [ARG] arg.sampling_num: 10000
2024-05-23 07:20:01,824 - Acc - INFO - [ARG] arg.cycle_num: 10
2024-05-23 07:20:01,824 - Acc - INFO - [ARG] arg.approach: UncertainGCN
2024-05-23 07:20:01,824 - Acc - INFO - [ARG] arg.seed: 0
2024-05-23 07:20:01,824 - Acc - INFO - [ARG] arg.save_name: jobs/cifar10__approach-UncertainGCN/Init1000_S10000_B1000//Seed-0
2024-05-23 07:20:01,824 - Acc - INFO - [ARG] arg.milestones: [160]
2024-05-23 07:20:01,824 - Acc - INFO - [ARG] arg.epoch_num: 200
2024-05-23 07:20:01,824 - Acc - INFO - [ARG] arg.momentum: 0.9
2024-05-23 07:20:01,824 - Acc - INFO - [ARG] arg.wdecay: 0.0005
2024-05-23 07:20:01,824 - Acc - INFO - [ARG] arg.batch_size: 128
2024-05-23 07:20:01,824 - Acc - INFO - [ARG] arg.workers: 0
2024-05-23 07:20:01,824 - Acc - INFO - [ARG] arg.lr: 0.1
2024-05-23 07:20:01,824 - Acc - INFO - [ARG] arg.arch: resnet18
2024-05-23 07:20:01,824 - Acc - INFO - [ARG] arg.layer: 1
2024-05-23 07:20:01,824 - Acc - INFO - [ARG] arg.alpha: 0.4
2024-05-23 07:20:01,824 - Acc - INFO - [ARG] arg.hidden_units: 128
2024-05-23 07:20:01,825 - Acc - INFO - [ARG] arg.dropout_rate: 0.3
2024-05-23 07:20:01,825 - Acc - INFO - [ARG] arg.lambda_loss: 1.2
2024-05-23 07:20:01,825 - Acc - INFO - [ARG] arg.s_margin: 0.1
2024-05-23 07:20:01,825 - Acc - INFO - [ARG] arg.epochl: 120
2024-05-23 07:20:01,825 - Acc - INFO - [ARG] arg.lossnet_feature: [32, 16, 8, 4]
2024-05-23 07:20:01,825 - Acc - INFO - [ARG] arg.latent_dim: 32
2024-05-23 07:20:01,825 - Acc - INFO - [ARG] arg.num_adv_steps: 1
2024-05-23 07:20:01,825 - Acc - INFO - [ARG] arg.num_vae_steps: 2
2024-05-23 07:20:01,825 - Acc - INFO - [ARG] arg.pretrained_weight: None
2024-05-23 07:21:35,930 - Acc - INFO - Cycle 1/10 || Label set size 1000: Test acc 46.88
2024-05-23 07:25:32,250 - Acc - INFO - Cycle 2/10 || Label set size 2000: Test acc 57.37
2024-05-23 07:31:04,064 - Acc - INFO - Cycle 3/10 || Label set size 3000: Test acc 66.04
2024-05-23 07:38:53,466 - Acc - INFO - Cycle 4/10 || Label set size 4000: Test acc 72.13
2024-05-23 07:49:24,502 - Acc - INFO - Cycle 5/10 || Label set size 5000: Test acc 79.92
2024-05-23 08:01:10,022 - Acc - INFO - Cycle 6/10 || Label set size 6000: Test acc 84.28
2024-05-23 08:14:03,755 - Acc - INFO - Cycle 7/10 || Label set size 7000: Test acc 86.31
2024-05-23 08:30:59,292 - Acc - INFO - Cycle 8/10 || Label set size 8000: Test acc 87.39
2024-05-23 08:47:39,767 - Acc - INFO - Cycle 9/10 || Label set size 9000: Test acc 88.5
2024-05-23 09:08:18,557 - Acc - INFO - Cycle 10/10 || Label set size 10000: Test acc 89.05
